<?xml version="1.0" encoding="UTF-8" ?>
<testsuite errors="9" failures="0" hostname="WaWa-YoDas-MacBook-Pro.local" name="v2.VoyageurTest" tests="9" time="0.172" timestamp="2011-12-05T21:13:14">
  <properties>
[...]
</properties>
  <testcase classname="v2.VoyageurTest" name="testGetLogin" time="0.017">
    <error type="java.lang.NullPointerException">java.lang.NullPointerException
	at v2.VoyageurTest.testGetLogin(VoyageurTest.java:48)
</error>
  </testcase>
  <testcase classname="v2.VoyageurTest" name="testSetLogin" time="0.0030">
    <error type="java.lang.NullPointerException">java.lang.NullPointerException
	at v2.VoyageurTest.testSetLogin(VoyageurTest.java:62)
</error>
  </testcase>
  <testcase classname="v2.VoyageurTest" name="testGetPassword" time="0.0040">
    <error type="java.lang.NullPointerException">java.lang.NullPointerException
	at v2.VoyageurTest.testGetPassword(VoyageurTest.java:75)
</error>
  </testcase>
  <testcase classname="v2.VoyageurTest" name="testSetPassword" time="0.0050">
    <error type="java.lang.NullPointerException">java.lang.NullPointerException
	at v2.VoyageurTest.testSetPassword(VoyageurTest.java:89)
</error>
  </testcase>
  <testcase classname="v2.VoyageurTest" name="testGetNom" time="0.0030">
    <error type="java.lang.NullPointerException">java.lang.NullPointerException
	at v2.VoyageurTest.testGetNom(VoyageurTest.java:102)
</error>
  </testcase>
  <testcase classname="v2.VoyageurTest" name="testSetNom" time="0.0020">
    <error type="java.lang.NullPointerException">java.lang.NullPointerException
	at v2.VoyageurTest.testSetNom(VoyageurTest.java:116)
</error>
  </testcase>
  <testcase classname="v2.VoyageurTest" name="testGetPrenom" time="0.0020">
    <error type="java.lang.NullPointerException">java.lang.NullPointerException
	at v2.VoyageurTest.testGetPrenom(VoyageurTest.java:129)
</error>
  </testcase>
  <testcase classname="v2.VoyageurTest" name="testSetPrenom" time="0.0040">
    <error type="java.lang.NullPointerException">java.lang.NullPointerException
	at v2.VoyageurTest.testSetPrenom(VoyageurTest.java:143)
</error>
  </testcase>
  <testcase classname="v2.VoyageurTest" name="testToString" time="0.01">
    <error type="java.lang.NullPointerException">java.lang.NullPointerException
	at v2.VoyageurTest.testToString(VoyageurTest.java:156)
</error>
  </testcase>
  <system-out><![CDATA[getLogin
setLogin
getPassword
setPassword
getNom
setNom
getPrenom
setPrenom
toString
]]></system-out>
  <system-err><![CDATA[]]></system-err>
</testsuite>
