<?xml version="1.0" encoding="UTF-8" ?>
<testsuite errors="23" failures="3" hostname="WaWa-YoDas-MacBook-Pro.local" name="v2.AdminTest" tests="26" time="0.784" timestamp="2011-12-05T21:13:05">
  <properties>
[...]
</properties>
  <testcase classname="v2.AdminTest" name="testMain" time="0.043">
    <error message="No line found" type="java.util.NoSuchElementException">java.util.NoSuchElementException: No line found
	at java.util.Scanner.nextLine(Scanner.java:1516)
	at v2.Admin.mainMenu(Admin.java:43)
	at v2.Admin.main(Admin.java:25)
	at v2.AdminTest.testMain(AdminTest.java:52)
</error>
  </testcase>
  <testcase classname="v2.AdminTest" name="testMainMenu" time="0.028">
    <error message="No line found" type="java.util.NoSuchElementException">java.util.NoSuchElementException: No line found
	at java.util.Scanner.nextLine(Scanner.java:1516)
	at v2.Admin.mainMenu(Admin.java:43)
	at v2.AdminTest.testMainMenu(AdminTest.java:63)
</error>
  </testcase>
  <testcase classname="v2.AdminTest" name="testVehiculeMenu" time="0.049">
    <error type="java.util.NoSuchElementException">java.util.NoSuchElementException
	at java.util.Scanner.throwFor(Scanner.java:838)
	at java.util.Scanner.next(Scanner.java:1461)
	at java.util.Scanner.nextInt(Scanner.java:2091)
	at java.util.Scanner.nextInt(Scanner.java:2050)
	at v2.Admin.vehiculeMenu(Admin.java:102)
	at v2.AdminTest.testVehiculeMenu(AdminTest.java:74)
</error>
  </testcase>
  <testcase classname="v2.AdminTest" name="testTrajetMenu" time="0.015">
    <error type="java.util.NoSuchElementException">java.util.NoSuchElementException
	at java.util.Scanner.throwFor(Scanner.java:838)
	at java.util.Scanner.next(Scanner.java:1461)
	at java.util.Scanner.nextInt(Scanner.java:2091)
	at java.util.Scanner.nextInt(Scanner.java:2050)
	at v2.Admin.trajetMenu(Admin.java:145)
	at v2.AdminTest.testTrajetMenu(AdminTest.java:85)
</error>
  </testcase>
  <testcase classname="v2.AdminTest" name="testVoyageurMenu" time="0.017">
    <error type="java.util.NoSuchElementException">java.util.NoSuchElementException
	at java.util.Scanner.throwFor(Scanner.java:838)
	at java.util.Scanner.next(Scanner.java:1461)
	at java.util.Scanner.nextInt(Scanner.java:2091)
	at java.util.Scanner.nextInt(Scanner.java:2050)
	at v2.Admin.voyageurMenu(Admin.java:182)
	at v2.AdminTest.testVoyageurMenu(AdminTest.java:96)
</error>
  </testcase>
  <testcase classname="v2.AdminTest" name="testStationMenu" time="0.018">
    <error type="java.util.NoSuchElementException">java.util.NoSuchElementException
	at java.util.Scanner.throwFor(Scanner.java:838)
	at java.util.Scanner.next(Scanner.java:1461)
	at java.util.Scanner.nextInt(Scanner.java:2091)
	at java.util.Scanner.nextInt(Scanner.java:2050)
	at v2.Admin.stationMenu(Admin.java:211)
	at v2.AdminTest.testStationMenu(AdminTest.java:107)
</error>
  </testcase>
  <testcase classname="v2.AdminTest" name="testPlusMenu" time="0.04">
    <error type="java.util.NoSuchElementException">java.util.NoSuchElementException
	at java.util.Scanner.throwFor(Scanner.java:838)
	at java.util.Scanner.next(Scanner.java:1461)
	at java.util.Scanner.nextInt(Scanner.java:2091)
	at java.util.Scanner.nextInt(Scanner.java:2050)
	at v2.Admin.plusMenu(Admin.java:244)
	at v2.AdminTest.testPlusMenu(AdminTest.java:118)
</error>
  </testcase>
  <testcase classname="v2.AdminTest" name="testPrintAddVehicule" time="0.024">
    <error message="No line found" type="java.util.NoSuchElementException">java.util.NoSuchElementException: No line found
	at java.util.Scanner.nextLine(Scanner.java:1516)
	at v2.Admin.printAddVehicule(Admin.java:283)
	at v2.AdminTest.testPrintAddVehicule(AdminTest.java:129)
</error>
  </testcase>
  <testcase classname="v2.AdminTest" name="testPrintAddVoyageur" time="0.0070">
    <error message="No line found" type="java.util.NoSuchElementException">java.util.NoSuchElementException: No line found
	at java.util.Scanner.nextLine(Scanner.java:1516)
	at v2.Admin.printAddVoyageur(Admin.java:313)
	at v2.AdminTest.testPrintAddVoyageur(AdminTest.java:140)
</error>
  </testcase>
  <testcase classname="v2.AdminTest" name="testPrintAddTrajet" time="0.01">
    <error message="No line found" type="java.util.NoSuchElementException">java.util.NoSuchElementException: No line found
	at java.util.Scanner.nextLine(Scanner.java:1516)
	at v2.Admin.printAddTrajet(Admin.java:376)
	at v2.AdminTest.testPrintAddTrajet(AdminTest.java:151)
</error>
  </testcase>
  <testcase classname="v2.AdminTest" name="testPrintAddStation" time="0.0010">
    <error message="No line found" type="java.util.NoSuchElementException">java.util.NoSuchElementException: No line found
	at java.util.Scanner.nextLine(Scanner.java:1516)
	at v2.Admin.printAddStation(Admin.java:482)
	at v2.AdminTest.testPrintAddStation(AdminTest.java:162)
</error>
  </testcase>
  <testcase classname="v2.AdminTest" name="testPrintAddReservation" time="0.0020">
    <failure message="The test case is a prototype." type="junit.framework.AssertionFailedError">junit.framework.AssertionFailedError: The test case is a prototype.
	at v2.AdminTest.testPrintAddReservation(AdminTest.java:175)
</failure>
  </testcase>
  <testcase classname="v2.AdminTest" name="testPrintRemoveVehicule" time="0.0020">
    <error message="No line found" type="java.util.NoSuchElementException">java.util.NoSuchElementException: No line found
	at java.util.Scanner.nextLine(Scanner.java:1516)
	at v2.Admin.printRemoveVehicule(Admin.java:533)
	at v2.AdminTest.testPrintRemoveVehicule(AdminTest.java:184)
</error>
  </testcase>
  <testcase classname="v2.AdminTest" name="testPrintChangeVehicule" time="0.0030">
    <error message="No line found" type="java.util.NoSuchElementException">java.util.NoSuchElementException: No line found
	at java.util.Scanner.nextLine(Scanner.java:1516)
	at v2.Admin.printChangeVehicule(Admin.java:573)
	at v2.AdminTest.testPrintChangeVehicule(AdminTest.java:195)
</error>
  </testcase>
  <testcase classname="v2.AdminTest" name="testPrintRemoveStation" time="0.0080">
    <error message="No line found" type="java.util.NoSuchElementException">java.util.NoSuchElementException: No line found
	at java.util.Scanner.nextLine(Scanner.java:1516)
	at v2.Admin.printRemoveStation(Admin.java:662)
	at v2.AdminTest.testPrintRemoveStation(AdminTest.java:206)
</error>
  </testcase>
  <testcase classname="v2.AdminTest" name="testPrintRemoveTrajet" time="0.0040">
    <error message="No line found" type="java.util.NoSuchElementException">java.util.NoSuchElementException: No line found
	at java.util.Scanner.nextLine(Scanner.java:1516)
	at v2.Admin.printRemoveTrajet(Admin.java:701)
	at v2.AdminTest.testPrintRemoveTrajet(AdminTest.java:217)
</error>
  </testcase>
  <testcase classname="v2.AdminTest" name="testPrintSearchVehicule" time="0.0050">
    <error message="No line found" type="java.util.NoSuchElementException">java.util.NoSuchElementException: No line found
	at java.util.Scanner.nextLine(Scanner.java:1516)
	at v2.Admin.printSearchVehicule(Admin.java:760)
	at v2.AdminTest.testPrintSearchVehicule(AdminTest.java:228)
</error>
  </testcase>
  <testcase classname="v2.AdminTest" name="testPrintSearchStation" time="0.0020">
    <error message="No line found" type="java.util.NoSuchElementException">java.util.NoSuchElementException: No line found
	at java.util.Scanner.nextLine(Scanner.java:1516)
	at v2.Admin.printSearchStation(Admin.java:820)
	at v2.AdminTest.testPrintSearchStation(AdminTest.java:239)
</error>
  </testcase>
  <testcase classname="v2.AdminTest" name="testPrintSearchVoyageur" time="0.0020">
    <error message="No line found" type="java.util.NoSuchElementException">java.util.NoSuchElementException: No line found
	at java.util.Scanner.nextLine(Scanner.java:1516)
	at v2.Admin.printSearchVoyageur(Admin.java:897)
	at v2.AdminTest.testPrintSearchVoyageur(AdminTest.java:250)
</error>
  </testcase>
  <testcase classname="v2.AdminTest" name="testPrintSearchTrajet" time="0.0010">
    <error message="No line found" type="java.util.NoSuchElementException">java.util.NoSuchElementException: No line found
	at java.util.Scanner.nextLine(Scanner.java:1516)
	at v2.Admin.printSearchTrajet(Admin.java:933)
	at v2.AdminTest.testPrintSearchTrajet(AdminTest.java:261)
</error>
  </testcase>
  <testcase classname="v2.AdminTest" name="testListTypeVehicule" time="0.0020">
    <failure message="expected:&lt;null&gt; but was:&lt;[crocodile, avion, bus, Pousse-pousse]&gt;" type="junit.framework.AssertionFailedError">junit.framework.AssertionFailedError: expected:&lt;null&gt; but was:&lt;[crocodile, avion, bus, Pousse-pousse]&gt;
	at v2.AdminTest.testListTypeVehicule(AdminTest.java:274)
</failure>
  </testcase>
  <testcase classname="v2.AdminTest" name="testPrintResultVehicule" time="0.0010">
    <error type="java.lang.NullPointerException">java.lang.NullPointerException
	at v2.Admin.printResultVehicule(Admin.java:1098)
	at v2.AdminTest.testPrintResultVehicule(AdminTest.java:286)
</error>
  </testcase>
  <testcase classname="v2.AdminTest" name="testPrintResultVoyageur" time="0.0010">
    <error type="java.lang.NullPointerException">java.lang.NullPointerException
	at v2.Admin.printResultVoyageur(Admin.java:1112)
	at v2.AdminTest.testPrintResultVoyageur(AdminTest.java:298)
</error>
  </testcase>
  <testcase classname="v2.AdminTest" name="testPrintResultStation" time="0.0010">
    <error type="java.lang.NullPointerException">java.lang.NullPointerException
	at v2.Admin.printResultStation(Admin.java:1126)
	at v2.AdminTest.testPrintResultStation(AdminTest.java:310)
</error>
  </testcase>
  <testcase classname="v2.AdminTest" name="testPrintResultTrajet" time="0.0050">
    <error type="java.lang.NullPointerException">java.lang.NullPointerException
	at v2.Admin.printResultTrajet(Admin.java:1143)
	at v2.AdminTest.testPrintResultTrajet(AdminTest.java:322)
</error>
  </testcase>
  <testcase classname="v2.AdminTest" name="testClear" time="0.032">
    <failure message="The test case is a prototype." type="junit.framework.AssertionFailedError">junit.framework.AssertionFailedError: The test case is a prototype.
	at v2.AdminTest.testClear(AdminTest.java:335)
</failure>
  </testcase>
  <system-out><![CDATA[main
Bonjour, bienvenue sur resaTC, notre nouveau logiciel de reservation de transport en commun

Choisissez une option: 

1: Menu véhicule

2: Menu station

3: Menu trajet

4: Menu voyageur

5: Quitter

9: Plus

> mainMenu
Choisissez une option: 

1: Menu véhicule

2: Menu station

3: Menu trajet

4: Menu voyageur

5: Quitter

9: Plus

> vehiculeMenu



Choisissez une option: 

1: Rechercher un véhicule

2: Ajouter un véhicule

3: Supprimer un véhicule

4: Modifier un véhicule

5: Retour au menu principal

> trajetMenu



Choisissez une option: 

1: Rechercher un trajet

2: Ajouter un trajet

3: Supprimer un trajet

4: Retour au menu principal

> voyageurMenu



Choisissez une option: 

1: Rechercher un voyageur

2: Retour au menu principal

> stationMenu



Choisissez une option: 

1: Rechercher une station

2: Retour au menu principal

> plusMenu



Bienvenue dans le menu qui permet de tester toutes les fonctionnalitées nécéssaire à implémenté mais que ne devraient pas êtres disponible à l'administrateur
 Choisissez une option: 

1: Ajouter un voyageur

2: Ajouter une reservation

3: Ajouter une station

4: Supprimer une station

5: Retour au menu principal

> printAddVehicule
Bienvenue dans l'assistant d'ajout de véhicule de resaTC.
Type de véhicule (exemple: bus, train, avion): printAddVoyageur
Bienvenue dans l'assistant d'ajout de voyageur de resaTC.
Nom d'utilisateur: printAddTrajet
Bienvenue dans l'assistant d'ajout de trajet de resaTC.
Numéro du véhicule: 

Résultat(s)
ID: 4	Type: crocodile	Nom: Cricri	Nombre de place: 2
ID: 1	Type: avion	Nom: A380	Nombre de place: 200
ID: 2	Type: bus	Nom: 100 Express	Nombre de place: 40
ID: 5	Type: Pousse-pousse	Nom: Asia21	Nombre de place: 3

>printAddStation
Bienvenue dans l'assistant d'ajout de station de resaTC.
Nom de la station: printAddReservation
printRemoveVehicule
Numéro d'identifiant: printChangeVehicule
Numéro d'identifiant du véhicule à modifier: 
(Utiliser l'option  rechercher un véhicule pour connaitre son identifiant)
>printRemoveStation
Numéro d'identifiant de la staion à supprimer: printRemoveTrajet
Numéro d'identifiant du trajet à supprimer: printSearchVehicule



Entrez vos critères de recherches:
Vous pouvez rentrer le mot entier ou seulement une partie du critère
(Laissez les champs inconnus vides)
Type du véhicule: crocodile, avion, bus, Pousse-pousse, 
 > printSearchStation



Entrez vos critères de recherches:
Vous pouvez rentrer le mot entier ou seulement une partie du critère
(Laissez les champs inconnus vides)
ID: printSearchVoyageur



Entrez vos critères de recherches:
Vous pouvez rentrer le mot entier ou seulement une partie du critère
(Laissez les champs inconnus vides)
Nom d'utilisateur: printSearchTrajet



Entrez vos critères de recherches:
Vous pouvez rentrer le mot entier ou seulement une partie du critère
(Laissez les champs inconnus vides)
ID: listTypeVehicule
printResultVehicule

Résultat(s)
printResultVoyageur
printResultStation
printResultTrajet
clear
]]></system-out>
  <system-err><![CDATA[]]></system-err>
</testsuite>
